Using pre-set license
Built from '2020.3/staging' branch; Version is '2020.3.0f1 (c7b5465681fb) revision 13088070'; Using compiler version '192528614'; Build Type 'Release'
OS: 'Windows 10 Home; OS build 19041.867; Version 2004; 64bit' Language: 'en' Physical Memory: 16325 MB
BatchMode: 1, IsHumanControllingUs: 0, StartBugReporterOnCrash: 0, Is64bit: 1, IsPro: 0

 COMMAND LINE ARGUMENTS:
C:\Program Files\Unity\Hub\Editor\2020.3.0f1\Editor\Unity.exe
-adb2
-batchMode
-noUpm
-name
AssetImportWorker0
-projectPath
D:/PersonalProjects/UnityDevSpace/UnityProjectsVersion1.2/MPGameServer
-logFile
Logs/AssetImportWorker0.log
-srvPort
51257
Successfully changed project path to: D:/PersonalProjects/UnityDevSpace/UnityProjectsVersion1.2/MPGameServer
D:/PersonalProjects/UnityDevSpace/UnityProjectsVersion1.2/MPGameServer
Using Asset Import Pipeline V2.
Refreshing native plugins compatible for Editor in 20.22 ms, found 0 plugins.
Preloading 0 native plugins for Editor in 0.00 ms.
Initialize engine version: 2020.3.0f1 (c7b5465681fb)
[Subsystems] Discovering subsystems at path C:/Program Files/Unity/Hub/Editor/2020.3.0f1/Editor/Data/Resources/UnitySubsystems
[Subsystems] Discovering subsystems at path D:/PersonalProjects/UnityDevSpace/UnityProjectsVersion1.2/MPGameServer/Assets
GfxDevice: creating device client; threaded=0
Direct3D:
    Version:  Direct3D 11.0 [level 11.1]
    Renderer: NVIDIA GeForce RTX 2070 SUPER (ID=0x1e84)
    Vendor:   
    VRAM:     8011 MB
    Driver:   27.21.14.5671
Initialize mono
Mono path[0] = 'C:/Program Files/Unity/Hub/Editor/2020.3.0f1/Editor/Data/Managed'
Mono path[1] = 'C:/Program Files/Unity/Hub/Editor/2020.3.0f1/Editor/Data/MonoBleedingEdge/lib/mono/unityjit'
Mono config path = 'C:/Program Files/Unity/Hub/Editor/2020.3.0f1/Editor/Data/MonoBleedingEdge/etc'
Using monoOptions --debugger-agent=transport=dt_socket,embedding=1,server=y,suspend=n,address=127.0.0.1:56196
Begin MonoManager ReloadAssembly
Registering precompiled unity dll's ...
Register platform support module: C:/Program Files/Unity/Hub/Editor/2020.3.0f1/Editor/Data/PlaybackEngines/WindowsStandaloneSupport/UnityEditor.WindowsStandalone.Extensions.dll
Registered in 0.001815 seconds.
Native extension for WindowsStandalone target not found
Refreshing native plugins compatible for Editor in 20.18 ms, found 0 plugins.
Preloading 0 native plugins for Editor in 0.00 ms.
Invoked RoslynAnalysisRunner static constructor.
RoslynAnalysisRunner will not be running.
RoslynAnalysisRunner has terminated.
Mono: successfully reloaded assembly
- Completed reload, in  0.891 seconds
Platform modules already initialized, skipping
Registering precompiled user dll's ...
Registered in 0.000403 seconds.
Begin MonoManager ReloadAssembly
Native extension for WindowsStandalone target not found
Refreshing native plugins compatible for Editor in 0.33 ms, found 0 plugins.
Preloading 0 native plugins for Editor in 0.00 ms.
Invoked RoslynAnalysisRunner static constructor.
RoslynAnalysisRunner will not be running.
RoslynAnalysisRunner has terminated.
Mono: successfully reloaded assembly
- Completed reload, in  0.699 seconds
Platform modules already initialized, skipping
========================================================================
Worker process is ready to serve import requests
Launched and connected shader compiler UnityShaderCompiler.exe after 0.04 seconds
Refreshing native plugins compatible for Editor in 0.18 ms, found 0 plugins.
Preloading 0 native plugins for Editor in 0.00 ms.
Unloading 1123 Unused Serialized files (Serialized files now loaded: 0)
System memory in use before: 57.3 MB.
System memory in use after: 57.4 MB.

Unloading 10 unused Assets to reduce memory usage. Loaded Objects now: 1565.
Total: 1.611800 ms (FindLiveObjects: 0.113600 ms CreateObjectMapping: 0.037300 ms MarkObjects: 1.386900 ms  DeleteObjects: 0.073200 ms)

========================================================================
Received Import Request.
  path: Assets/Prefabs/Player.prefab
  artifactKey: Guid(8c94f1ab8a80c2740b17b3bf1c324139) Importer(815301076,1909f56bfc062723c751e8b465ee728b)
Start importing Assets/Prefabs/Player.prefab using Guid(8c94f1ab8a80c2740b17b3bf1c324139) Importer(815301076,1909f56bfc062723c751e8b465ee728b)  -> (artifact id: 'b06c18a7a0c7bd29017cdd48c7c150d5') in 0.103181 seconds
  Import took 0.122185 seconds .

========================================================================
Received Prepare
Registering precompiled user dll's ...
Registered in 0.000373 seconds.
Begin MonoManager ReloadAssembly
Native extension for WindowsStandalone target not found
Refreshing native plugins compatible for Editor in 0.21 ms, found 0 plugins.
Preloading 0 native plugins for Editor in 0.00 ms.
Invoked RoslynAnalysisRunner static constructor.
RoslynAnalysisRunner will not be running.
RoslynAnalysisRunner has terminated.
Mono: successfully reloaded assembly
- Completed reload, in  0.686 seconds
Platform modules already initialized, skipping
Refreshing native plugins compatible for Editor in 0.20 ms, found 0 plugins.
Preloading 0 native plugins for Editor in 0.00 ms.
Unloading 1118 Unused Serialized files (Serialized files now loaded: 0)
System memory in use before: 60.4 MB.
System memory in use after: 60.5 MB.

Unloading 6 unused Assets to reduce memory usage. Loaded Objects now: 1576.
Total: 1.670600 ms (FindLiveObjects: 0.136200 ms CreateObjectMapping: 0.038100 ms MarkObjects: 1.437500 ms  DeleteObjects: 0.057300 ms)

========================================================================
Received Import Request.
  Time since last request: 1302.595224 seconds.
  path: Assets/Scripts/PlayerTest.cs
  artifactKey: Guid(4ae75592cd9a0e142a1691114a56fb8b) Importer(815301076,1909f56bfc062723c751e8b465ee728b)
Start importing Assets/Scripts/PlayerTest.cs using Guid(4ae75592cd9a0e142a1691114a56fb8b) Importer(815301076,1909f56bfc062723c751e8b465ee728b)  -> (artifact id: '5ef806885b64fccfb050435ebd0b4b1a') in 0.025634 seconds
  Import took 0.042029 seconds .

========================================================================
Received Prepare
Registering precompiled user dll's ...
Registered in 0.000369 seconds.
Begin MonoManager ReloadAssembly
Native extension for WindowsStandalone target not found
Refreshing native plugins compatible for Editor in 0.18 ms, found 0 plugins.
Preloading 0 native plugins for Editor in 0.00 ms.
Invoked RoslynAnalysisRunner static constructor.
RoslynAnalysisRunner will not be running.
RoslynAnalysisRunner has terminated.
Mono: successfully reloaded assembly
- Completed reload, in  0.660 seconds
Platform modules already initialized, skipping
Refreshing native plugins compatible for Editor in 0.23 ms, found 0 plugins.
Preloading 0 native plugins for Editor in 0.00 ms.
Unloading 1118 Unused Serialized files (Serialized files now loaded: 0)
System memory in use before: 60.4 MB.
System memory in use after: 60.5 MB.

Unloading 5 unused Assets to reduce memory usage. Loaded Objects now: 1579.
Total: 1.675700 ms (FindLiveObjects: 0.135300 ms CreateObjectMapping: 0.063900 ms MarkObjects: 1.432800 ms  DeleteObjects: 0.042700 ms)

========================================================================
Received Import Request.
  Time since last request: 93.318270 seconds.
  path: Assets/Scripts/PlayerTest.cs
  artifactKey: Guid(4ae75592cd9a0e142a1691114a56fb8b) Importer(815301076,1909f56bfc062723c751e8b465ee728b)
Start importing Assets/Scripts/PlayerTest.cs using Guid(4ae75592cd9a0e142a1691114a56fb8b) Importer(815301076,1909f56bfc062723c751e8b465ee728b)  -> (artifact id: '40c68b6f967ccc01f1bfbbb6e766195b') in 0.003315 seconds
  Import took 0.015235 seconds .

========================================================================
Received Prepare
Registering precompiled user dll's ...
Registered in 0.000347 seconds.
Begin MonoManager ReloadAssembly
Native extension for WindowsStandalone target not found
Refreshing native plugins compatible for Editor in 0.25 ms, found 0 plugins.
Preloading 0 native plugins for Editor in 0.00 ms.
Invoked RoslynAnalysisRunner static constructor.
RoslynAnalysisRunner will not be running.
RoslynAnalysisRunner has terminated.
Mono: successfully reloaded assembly
- Completed reload, in  0.650 seconds
Platform modules already initialized, skipping
Refreshing native plugins compatible for Editor in 0.19 ms, found 0 plugins.
Preloading 0 native plugins for Editor in 0.00 ms.
Unloading 1118 Unused Serialized files (Serialized files now loaded: 0)
System memory in use before: 60.5 MB.
System memory in use after: 60.5 MB.

Unloading 5 unused Assets to reduce memory usage. Loaded Objects now: 1582.
Total: 1.712800 ms (FindLiveObjects: 0.156700 ms CreateObjectMapping: 0.056300 ms MarkObjects: 1.421900 ms  DeleteObjects: 0.076200 ms)

========================================================================
Received Import Request.
  Time since last request: 943.553257 seconds.
  path: Assets/Scripts/PlayerTest.cs
  artifactKey: Guid(4ae75592cd9a0e142a1691114a56fb8b) Importer(815301076,1909f56bfc062723c751e8b465ee728b)
Start importing Assets/Scripts/PlayerTest.cs using Guid(4ae75592cd9a0e142a1691114a56fb8b) Importer(815301076,1909f56bfc062723c751e8b465ee728b)  -> (artifact id: 'e9fac5755bca36552284a96fa0c00e5b') in 0.003276 seconds
  Import took 0.022388 seconds .

========================================================================
Received Import Request.
  Time since last request: 1109.627350 seconds.
  path: Assets/Scripts/PlayerTest.cs
  artifactKey: Guid(4ae75592cd9a0e142a1691114a56fb8b) Importer(815301076,1909f56bfc062723c751e8b465ee728b)
Start importing Assets/Scripts/PlayerTest.cs using Guid(4ae75592cd9a0e142a1691114a56fb8b) Importer(815301076,1909f56bfc062723c751e8b465ee728b)  -> (artifact id: '5f45328256a26111394c946e1055ccb0') in 0.005905 seconds
  Import took 0.008074 seconds .

========================================================================
Received Import Request.
  Time since last request: 0.002014 seconds.
  path: Assets/Scripts/PlayerTest.cs
  artifactKey: Guid(4ae75592cd9a0e142a1691114a56fb8b) Importer(815301076,1909f56bfc062723c751e8b465ee728b)
Start importing Assets/Scripts/PlayerTest.cs using Guid(4ae75592cd9a0e142a1691114a56fb8b) Importer(815301076,1909f56bfc062723c751e8b465ee728b)  -> (artifact id: '5f45328256a26111394c946e1055ccb0') in 0.002772 seconds
  Import took 0.014431 seconds .

========================================================================
Received Prepare
Registering precompiled user dll's ...
Registered in 0.000357 seconds.
Begin MonoManager ReloadAssembly
Native extension for WindowsStandalone target not found
Refreshing native plugins compatible for Editor in 0.18 ms, found 0 plugins.
Preloading 0 native plugins for Editor in 0.00 ms.
Invoked RoslynAnalysisRunner static constructor.
RoslynAnalysisRunner will not be running.
RoslynAnalysisRunner has terminated.
Mono: successfully reloaded assembly
- Completed reload, in  0.660 seconds
Platform modules already initialized, skipping
Refreshing native plugins compatible for Editor in 0.20 ms, found 0 plugins.
Preloading 0 native plugins for Editor in 0.00 ms.
Unloading 1118 Unused Serialized files (Serialized files now loaded: 0)
System memory in use before: 60.5 MB.
System memory in use after: 60.5 MB.

Unloading 5 unused Assets to reduce memory usage. Loaded Objects now: 1585.
Total: 1.445000 ms (FindLiveObjects: 0.123300 ms CreateObjectMapping: 0.034200 ms MarkObjects: 1.214900 ms  DeleteObjects: 0.071400 ms)

========================================================================
Received Import Request.
  Time since last request: 349.685676 seconds.
  path: Assets/Scripts/PlayerTest.cs
  artifactKey: Guid(4ae75592cd9a0e142a1691114a56fb8b) Importer(815301076,1909f56bfc062723c751e8b465ee728b)
Start importing Assets/Scripts/PlayerTest.cs using Guid(4ae75592cd9a0e142a1691114a56fb8b) Importer(815301076,1909f56bfc062723c751e8b465ee728b)  -> (artifact id: '41c3d111515b5597a334ee294f2050fa') in 0.004719 seconds
  Import took 0.011519 seconds .

